<?xml version="1.0" encoding="UTF-8"?>
<!-- Generated by org.testng.reporters.JUnitReportReporter -->
<testsuite hostname="5127sasikm3715l" failures="0" tests="4" name="testng.AdactinHotelApp" time="0.016" errors="0" timestamp="2025-03-05T12:42:11 IST" skipped="1">
  <testcase classname="testng.AdactinHotelApp" name="changePasswordTest" time="0.002"/>
  <testcase classname="testng.AdactinHotelApp" name="registrationTest" time="0.003"/>
  <testcase classname="testng.AdactinHotelApp" name="abcTest" time="0.011"/>
  <testcase classname="testng.AdactinHotelApp" name="loginTest">
    <skipped/>
  </testcase> <!-- loginTest -->
</testsuite> <!-- testng.AdactinHotelApp -->
