<?xml version="1.0" encoding="UTF-8"?>
<!-- Generated by org.testng.reporters.JUnitReportReporter -->
<testsuite hostname="5127sasikm3715l" failures="0" tests="1" name="assignments.DoubleClick" time="25.032" errors="0" timestamp="2025-03-12T16:03:38 IST" skipped="0">
  <testcase classname="assignments.DoubleClick" name="doubleClickTest" time="25.032"/>
</testsuite> <!-- assignments.DoubleClick -->
