<?xml version="1.0" encoding="UTF-8"?>
<!-- Generated by org.testng.reporters.JUnitReportReporter -->
<testsuite hostname="5127sasikm3715l" failures="0" tests="1" name="handlings.MultipleWindowHandle" time="17.105" errors="0" timestamp="2025-03-13T16:15:53 IST" skipped="0">
  <testcase classname="handlings.MultipleWindowHandle" name="multipleWindowHandleTest" time="17.105"/>
</testsuite> <!-- handlings.MultipleWindowHandle -->
