<?xml version="1.0" encoding="UTF-8"?>
<!-- Generated by org.testng.reporters.JUnitReportReporter -->
<testsuite hostname="5127sasikm3715l" failures="0" tests="1" name="toolsqa.NewTest1" time="14.029" errors="0" timestamp="2025-03-07T15:10:00 IST" skipped="0">
  <testcase classname="toolsqa.NewTest1" name="loginTest" time="14.029"/>
</testsuite> <!-- toolsqa.NewTest1 -->
