<?xml version="1.0" encoding="UTF-8"?>
<!-- Generated by org.testng.reporters.JUnitReportReporter -->
<testsuite hostname="5127sasikm3715l" failures="0" tests="1" name="toolsqa.NewTest1" time="10.661" errors="0" timestamp="2025-03-05T16:42:56 IST" skipped="0">
  <testcase classname="toolsqa.NewTest1" name="loginTest" time="10.661"/>
</testsuite> <!-- toolsqa.NewTest1 -->
