<?xml version="1.0" encoding="UTF-8"?>
<!-- Generated by org.testng.reporters.JUnitReportReporter -->
<testsuite hostname="5127sasikm3715l" failures="0" tests="1" name="javascriptexecutorandscreenshots.ScreenshotTest2" time="10.117" errors="0" timestamp="2025-03-21T23:08:58 IST" skipped="0">
  <testcase classname="javascriptexecutorandscreenshots.ScreenshotTest2" name="screenshotTest" time="10.117"/>
</testsuite> <!-- javascriptexecutorandscreenshots.ScreenshotTest2 -->
