<?xml version="1.0" encoding="UTF-8"?>
<!-- Generated by org.testng.reporters.JUnitReportReporter -->
<testsuite hostname="5127sasikm3715l" failures="0" tests="1" name="handlings.FrameHandling" time="7.145" errors="0" timestamp="2025-03-24T12:06:53 IST" skipped="0">
  <testcase classname="handlings.FrameHandling" name="dragandDropTest" time="7.145"/>
</testsuite> <!-- handlings.FrameHandling -->
