<?xml version="1.0" encoding="UTF-8"?>
<!-- Generated by org.testng.reporters.JUnitReportReporter -->
<testsuite hostname="5127sasikm3715l" failures="0" tests="1" name="assignments.DragAndDropAssignment" time="24.069" errors="0" timestamp="2025-03-12T11:11:27 IST" skipped="0">
  <testcase classname="assignments.DragAndDropAssignment" name="dragAndDropAssignmentTest" time="24.069"/>
</testsuite> <!-- assignments.DragAndDropAssignment -->
