<?xml version="1.0" encoding="UTF-8"?>
<!-- Generated by org.testng.reporters.JUnitReportReporter -->
<testsuite hostname="5127sasikm3715l" failures="0" tests="1" name="assignments.DragAndDropAssignment" time="25.866" errors="0" timestamp="2025-03-19T11:24:15 IST" skipped="0">
  <testcase classname="assignments.DragAndDropAssignment" name="dragAndDropAssignmentTest" time="25.866"/>
</testsuite> <!-- assignments.DragAndDropAssignment -->
