<?xml version="1.0" encoding="UTF-8"?>
<!-- Generated by org.testng.reporters.JUnitReportReporter -->
<testsuite hostname="5127sasikm3715l" failures="0" tests="1" name="testng.TestNgDemo1" time="0.014" errors="0" timestamp="2025-03-05T11:40:10 IST" skipped="0">
  <testcase classname="testng.TestNgDemo1" name="Hello" time="0.014"/>
</testsuite> <!-- testng.TestNgDemo1 -->
