<?xml version="1.0" encoding="UTF-8"?>
<!-- Generated by org.testng.reporters.JUnitReportReporter -->
<testsuite hostname="5127sasikm3715l" failures="0" tests="1" name="javascriptexecutorandscreenshots.AssignmentScreenshotTake" time="13.954" errors="0" timestamp="2025-03-21T23:20:21 IST" skipped="0">
  <testcase classname="javascriptexecutorandscreenshots.AssignmentScreenshotTake" name="assignmentScreenshotTakeTest" time="13.954"/>
</testsuite> <!-- javascriptexecutorandscreenshots.AssignmentScreenshotTake -->
