<?xml version="1.0" encoding="UTF-8"?>
<!-- Generated by org.testng.reporters.JUnitReportReporter -->
<testsuite hostname="5127sasikm3715l" failures="0" tests="1" name="handlings.FrameHandling3" time="27.887" errors="0" timestamp="2025-03-24T12:43:24 IST" skipped="0">
  <testcase classname="handlings.FrameHandling3" name="dragandDropTest" time="27.887"/>
</testsuite> <!-- handlings.FrameHandling3 -->
