<?xml version="1.0" encoding="UTF-8"?>
<!-- Generated by org.testng.reporters.JUnitReportReporter -->
<testsuite hostname="5127sasikm3715l" failures="0" tests="1" name="handlings.FrameHandling2" time="25.545" errors="0" timestamp="2025-03-24T12:07:22 IST" skipped="0">
  <testcase classname="handlings.FrameHandling2" name="dragandDropTest" time="25.545"/>
</testsuite> <!-- handlings.FrameHandling2 -->
