<?xml version="1.0" encoding="UTF-8"?>
<!-- Generated by org.testng.reporters.JUnitReportReporter -->
<testsuite hostname="5127sasikm3715l" failures="0" tests="1" name="handlings.MultipleWindowHandle5" time="15.257" errors="0" timestamp="2025-03-20T10:02:20 IST" skipped="0">
  <testcase classname="handlings.MultipleWindowHandle5" name="multipleWindowHandleTest" time="15.257"/>
</testsuite> <!-- handlings.MultipleWindowHandle5 -->
