<?xml version="1.0" encoding="UTF-8"?>
<!-- Generated by org.testng.reporters.JUnitReportReporter -->
<testsuite hostname="5127sasikm3715l" failures="0" tests="2" name="orangehrmapplication.OrangeHRM" time="18.930" errors="0" timestamp="2025-03-07T18:49:25 IST" skipped="0">
  <testcase classname="orangehrmapplication.OrangeHRM" name="LoginTest" time="8.498"/>
  <testcase classname="orangehrmapplication.OrangeHRM" name="CreateUser" time="10.432"/>
</testsuite> <!-- orangehrmapplication.OrangeHRM -->
