<?xml version="1.0" encoding="UTF-8"?>
<!-- Generated by org.testng.reporters.JUnitReportReporter -->
<testsuite hostname="5127sasikm3715l" failures="0" tests="1" name="handlings.MultipleWindowIRCTC" time="69.695" errors="1" timestamp="2025-03-20T17:13:02 IST" skipped="0">
  <testcase classname="handlings.MultipleWindowIRCTC" name="multiupleWindowHandlingIRCTCTest" time="69.695">
    <error message="element click intercepted: Element &lt;a _ngcontent-ftq-c49=&quot;&quot; target=&quot;_blank&quot; rel=&quot;noopener noreferrer&quot; href=&quot;https://irctcofficial.tumblr.com/&quot; alt=&quot;IRCTCofficial tumblr&quot; aria-label=&quot;I.R.C.T.C. Official tumblr page. opens a new windows&quot; style=&quot;background: #3C576C;&quot;&gt;...&lt;/a&gt; is not clickable at point (1003, 565). Other element would receive the click: &lt;iframe id=&quot;chatbot&quot; src=&quot;https://askdisha.irctc.co.in/?support=true&quot; width=&quot;100%&quot; height=&quot;310px&quot; frameborder=&quot;0&quot; allowfullscreen=&quot;&quot; allow=&quot;microphone; camera; autoplay&quot; style=&quot;position: absolute; top: 0; left: 0; z-index: 1;&quot;&gt;...&lt;/iframe&gt;
  (Session info: chrome=134.0.6998.90)
Build info: version: &#039;4.18.0&#039;, revision: &#039;b6bf9de7cc&#039;
System info: os.name: &#039;Windows 10&#039;, os.arch: &#039;amd64&#039;, os.version: &#039;10.0&#039;, java.version: &#039;21.0.5&#039;
Driver info: org.openqa.selenium.chrome.ChromeDriver
Command: [08451e209711a153c09377375168a119, clickElement {id=f.CE81D40B81E1B3D8D9EE9B593463A22B.d.2608B73CF5B07A3896EDB5B98A10EE5C.e.154}]
Capabilities {acceptInsecureCerts: false, browserName: chrome, browserVersion: 134.0.6998.90, chrome: {chromedriverVersion: 133.0.6943.98 (da53563ceb66..., userDataDir: C:\Users\SASI~1.KUM\AppData...}, fedcm:accounts: true, goog:chromeOptions: {debuggerAddress: localhost:40586}, networkConnectionEnabled: false, pageLoadStrategy: normal, platformName: windows, proxy: Proxy(), se:cdp: ws://localhost:40586/devtoo..., se:cdpVersion: 134.0.6998.90, setWindowRect: true, strictFileInteractability: false, timeouts: {implicit: 0, pageLoad: 300000, script: 30000}, unhandledPromptBehavior: dismiss and notify, webauthn:extension:credBlob: true, webauthn:extension:largeBlob: true, webauthn:extension:minPinLength: true, webauthn:extension:prf: true, webauthn:virtualAuthenticators: true}
Element: [[ChromeDriver: chrome on windows (08451e209711a153c09377375168a119)] -&gt; xpath: //a[@alt=&#039;IRCTCofficial tumblr&#039;]]
Session ID: 08451e209711a153c09377375168a119" type="org.openqa.selenium.ElementClickInterceptedException">
      <![CDATA[org.openqa.selenium.ElementClickInterceptedException: element click intercepted: Element <a _ngcontent-ftq-c49="" target="_blank" rel="noopener noreferrer" href="https://irctcofficial.tumblr.com/" alt="IRCTCofficial tumblr" aria-label="I.R.C.T.C. Official tumblr page. opens a new windows" style="background: #3C576C;">...</a> is not clickable at point (1003, 565). Other element would receive the click: <iframe id="chatbot" src="https://askdisha.irctc.co.in/?support=true" width="100%" height="310px" frameborder="0" allowfullscreen="" allow="microphone; camera; autoplay" style="position: absolute; top: 0; left: 0; z-index: 1;">...</iframe>
  (Session info: chrome=134.0.6998.90)
Build info: version: '4.18.0', revision: 'b6bf9de7cc'
System info: os.name: 'Windows 10', os.arch: 'amd64', os.version: '10.0', java.version: '21.0.5'
Driver info: org.openqa.selenium.chrome.ChromeDriver
Command: [08451e209711a153c09377375168a119, clickElement {id=f.CE81D40B81E1B3D8D9EE9B593463A22B.d.2608B73CF5B07A3896EDB5B98A10EE5C.e.154}]
Capabilities {acceptInsecureCerts: false, browserName: chrome, browserVersion: 134.0.6998.90, chrome: {chromedriverVersion: 133.0.6943.98 (da53563ceb66..., userDataDir: C:\Users\SASI~1.KUM\AppData...}, fedcm:accounts: true, goog:chromeOptions: {debuggerAddress: localhost:40586}, networkConnectionEnabled: false, pageLoadStrategy: normal, platformName: windows, proxy: Proxy(), se:cdp: ws://localhost:40586/devtoo..., se:cdpVersion: 134.0.6998.90, setWindowRect: true, strictFileInteractability: false, timeouts: {implicit: 0, pageLoad: 300000, script: 30000}, unhandledPromptBehavior: dismiss and notify, webauthn:extension:credBlob: true, webauthn:extension:largeBlob: true, webauthn:extension:minPinLength: true, webauthn:extension:prf: true, webauthn:virtualAuthenticators: true}
Element: [[ChromeDriver: chrome on windows (08451e209711a153c09377375168a119)] -> xpath: //a[@alt='IRCTCofficial tumblr']]
Session ID: 08451e209711a153c09377375168a119
at java.base/jdk.internal.reflect.DirectConstructorHandleAccessor.newInstance(DirectConstructorHandleAccessor.java:62)
at java.base/java.lang.reflect.Constructor.newInstanceWithCaller(Constructor.java:502)
at java.base/java.lang.reflect.Constructor.newInstance(Constructor.java:486)
at org.openqa.selenium.remote.ErrorCodec.decode(ErrorCodec.java:167)
at org.openqa.selenium.remote.codec.w3c.W3CHttpResponseCodec.decode(W3CHttpResponseCodec.java:138)
at org.openqa.selenium.remote.codec.w3c.W3CHttpResponseCodec.decode(W3CHttpResponseCodec.java:50)
at org.openqa.selenium.remote.HttpCommandExecutor.execute(HttpCommandExecutor.java:190)
at org.openqa.selenium.remote.service.DriverCommandExecutor.invokeExecute(DriverCommandExecutor.java:216)
at org.openqa.selenium.remote.service.DriverCommandExecutor.execute(DriverCommandExecutor.java:174)
at org.openqa.selenium.remote.RemoteWebDriver.execute(RemoteWebDriver.java:519)
at org.openqa.selenium.remote.RemoteWebElement.execute(RemoteWebElement.java:223)
at org.openqa.selenium.remote.RemoteWebElement.click(RemoteWebElement.java:76)
at handlings.MultipleWindowIRCTC.multiupleWindowHandlingIRCTCTest(MultipleWindowIRCTC.java:88)
at java.base/jdk.internal.reflect.DirectMethodHandleAccessor.invoke(DirectMethodHandleAccessor.java:103)
at java.base/java.lang.reflect.Method.invoke(Method.java:580)
at org.testng.internal.invokers.MethodInvocationHelper.invokeMethod(MethodInvocationHelper.java:141)
at org.testng.internal.invokers.TestInvoker.invokeMethod(TestInvoker.java:686)
at org.testng.internal.invokers.TestInvoker.invokeTestMethod(TestInvoker.java:230)
at org.testng.internal.invokers.MethodRunner.runInSequence(MethodRunner.java:63)
at org.testng.internal.invokers.TestInvoker$MethodInvocationAgent.invoke(TestInvoker.java:992)
at org.testng.internal.invokers.TestInvoker.invokeTestMethods(TestInvoker.java:203)
at org.testng.internal.invokers.TestMethodWorker.invokeTestMethods(TestMethodWorker.java:154)
at org.testng.internal.invokers.TestMethodWorker.run(TestMethodWorker.java:134)
at java.base/java.util.ArrayList.forEach(ArrayList.java:1596)
at org.testng.TestRunner.privateRun(TestRunner.java:739)
at org.testng.TestRunner.run(TestRunner.java:614)
at org.testng.SuiteRunner.runTest(SuiteRunner.java:421)
at org.testng.SuiteRunner.runSequentially(SuiteRunner.java:413)
at org.testng.SuiteRunner.privateRun(SuiteRunner.java:373)
at org.testng.SuiteRunner.run(SuiteRunner.java:312)
at org.testng.SuiteRunnerWorker.runSuite(SuiteRunnerWorker.java:52)
at org.testng.SuiteRunnerWorker.run(SuiteRunnerWorker.java:95)
at org.testng.TestNG.runSuitesSequentially(TestNG.java:1274)
at org.testng.TestNG.runSuitesLocally(TestNG.java:1208)
at org.testng.TestNG.runSuites(TestNG.java:1112)
at org.testng.TestNG.run(TestNG.java:1079)
at org.testng.remote.AbstractRemoteTestNG.run(AbstractRemoteTestNG.java:115)
at org.testng.remote.RemoteTestNG.initAndRun(RemoteTestNG.java:293)
at org.testng.remote.RemoteTestNG.main(RemoteTestNG.java:91)
]]>
    </error>
  </testcase> <!-- multiupleWindowHandlingIRCTCTest -->
</testsuite> <!-- handlings.MultipleWindowIRCTC -->
