<?xml version="1.0" encoding="UTF-8"?>
<!-- Generated by org.testng.reporters.JUnitReportReporter -->
<testsuite hostname="5127sasikm3715l" failures="0" tests="1" name="javascriptexecutorandscreenshots.JavaScriptExecutor" time="22.534" errors="0" timestamp="2025-03-24T18:03:08 IST" skipped="0">
  <testcase classname="javascriptexecutorandscreenshots.JavaScriptExecutor" name="dragAndDropTest" time="22.534"/>
</testsuite> <!-- javascriptexecutorandscreenshots.JavaScriptExecutor -->
