<?xml version="1.0" encoding="UTF-8"?>
<!-- Generated by org.testng.reporters.JUnitReportReporter -->
<testsuite hostname="5127sasikm3715l" failures="0" tests="1" name="assignments.RightClick" time="11.413" errors="0" timestamp="2025-03-12T13:54:29 IST" skipped="0">
  <testcase classname="assignments.RightClick" name="rightClickTest" time="11.413"/>
</testsuite> <!-- assignments.RightClick -->
