<?xml version="1.0" encoding="UTF-8"?>
<!-- Generated by org.testng.reporters.JUnitReportReporter -->
<testsuite hostname="5127sasikm3715l" failures="0" tests="3" name="testng.AdactinHotelApp2" time="22.499" errors="0" timestamp="2025-03-05T19:40:10 IST" skipped="0">
  <testcase classname="testng.AdactinHotelApp2" name="SearchHotelTest" time="12.334"/>
  <testcase classname="testng.AdactinHotelApp2" name="LoginTest" time="4.647"/>
  <testcase classname="testng.AdactinHotelApp2" name="BookAHotelTest" time="5.518"/>
</testsuite> <!-- testng.AdactinHotelApp2 -->
