<?xml version="1.0" encoding="UTF-8"?>
<!-- Generated by org.testng.reporters.JUnitReportReporter -->
<testsuite hostname="5127sasikm3715l" failures="0" tests="3" name="testng.AdactinHotelApp2" time="23.018" errors="0" timestamp="2025-03-07T10:45:05 IST" skipped="0">
  <testcase classname="testng.AdactinHotelApp2" name="SearchHotelTest" time="11.991"/>
  <testcase classname="testng.AdactinHotelApp2" name="BookAHotelTest" time="6.135"/>
  <testcase classname="testng.AdactinHotelApp2" name="LoginTest" time="4.892"/>
</testsuite> <!-- testng.AdactinHotelApp2 -->
