<?xml version="1.0" encoding="UTF-8"?>
<!-- Generated by org.testng.reporters.JUnitReportReporter -->
<testsuite hostname="5127sasikm3715l" failures="0" tests="1" name="javascriptexecutorandscreenshots.ScreenshotTest" time="10.296" errors="0" timestamp="2025-03-21T22:36:39 IST" skipped="0">
  <testcase classname="javascriptexecutorandscreenshots.ScreenshotTest" name="screenshotTest" time="10.296"/>
</testsuite> <!-- javascriptexecutorandscreenshots.ScreenshotTest -->
