<?xml version="1.0" encoding="UTF-8"?>
<!-- Generated by org.testng.reporters.JUnitReportReporter -->
<testsuite hostname="5127sasikm3715l" failures="0" tests="1" name="miscellenousactions.DragandDrop" time="7.029" errors="0" timestamp="2025-03-12T10:09:16 IST" skipped="0">
  <testcase classname="miscellenousactions.DragandDrop" name="dragandDropTest" time="7.029"/>
</testsuite> <!-- miscellenousactions.DragandDrop -->
