<?xml version="1.0" encoding="UTF-8"?>
<!-- Generated by org.testng.reporters.JUnitReportReporter -->
<testsuite hostname="5127sasikm3715l" failures="0" tests="1" name="handlings.MultipleWindowHandle3" time="31.663" errors="0" timestamp="2025-03-19T18:03:12 IST" skipped="0">
  <testcase classname="handlings.MultipleWindowHandle3" name="multipleWindowHandleTest" time="31.663"/>
</testsuite> <!-- handlings.MultipleWindowHandle3 -->
