<?xml version="1.0" encoding="UTF-8"?>
<!-- Generated by org.testng.reporters.JUnitReportReporter -->
<testsuite hostname="5127sasikm3715l" failures="0" tests="1" name="handlings.MultipleWindowHandle2" time="51.689" errors="0" timestamp="2025-03-19T12:03:47 IST" skipped="0">
  <testcase classname="handlings.MultipleWindowHandle2" name="multipleWindowHandleTest" time="51.689"/>
</testsuite> <!-- handlings.MultipleWindowHandle2 -->
