<?xml version="1.0" encoding="UTF-8"?>
<!-- Generated by org.testng.reporters.JUnitReportReporter -->
<testsuite hostname="5127sasikm3715l" failures="0" tests="1" name="assignments.Assignment9" time="21.104" errors="0" timestamp="2025-03-13T12:06:30 IST" skipped="0">
  <testcase classname="assignments.Assignment9" name="alertsTest" time="21.104"/>
</testsuite> <!-- assignments.Assignment9 -->
