<?xml version="1.0" encoding="UTF-8"?>
<!-- Generated by org.testng.reporters.JUnitReportReporter -->
<testsuite hostname="5127sasikm3715l" failures="0" tests="1" name="handlings.AlertHandling" time="13.724" errors="0" timestamp="2025-03-24T14:52:31 IST" skipped="0">
  <testcase classname="handlings.AlertHandling" name="alertHandlingTest" time="13.724"/>
</testsuite> <!-- handlings.AlertHandling -->
