<?xml version="1.0" encoding="UTF-8"?>
<!-- Generated by org.testng.reporters.JUnitReportReporter -->
<testsuite hostname="5127sasikm3715l" failures="0" tests="1" name="handlings.MultipleWindowHandle4" time="38.767" errors="0" timestamp="2025-03-20T09:56:17 IST" skipped="0">
  <testcase classname="handlings.MultipleWindowHandle4" name="multipleWindowHandleTest" time="38.767"/>
</testsuite> <!-- handlings.MultipleWindowHandle4 -->
